MMData debug() function changed, please uncomment the 3rd assert line when doing inference without M2F features!
[2022-11-17 17:14:02,005][torch_points3d.trainer][INFO] - DEVICE : cuda
load_m2f_masks:  True
initialize train dataset
initialize val dataset
task:  segmentation.multimodal
tested_model_name:  MVFusion_3D_M1
class_name:  MVFusionAPIModel
model_module:  torch_points3d.models.segmentation.multimodal.Feng.mvfusion_3d
name, cls of chosen model_cls:  MVFusionAPIModel <class 'torch_points3d.models.segmentation.multimodal.Feng.mvfusion_3d.MVFusionAPIModel'>
[2022-11-17 17:14:18,663][torch_points3d.applications.modelfactory][INFO] - The config will be used to build the model
x feature dim:  {'FEAT': 3}
nc_in:  259
nc_in:  128
nc_in:  32
nc_in:  64
nc_in:  128
nc_in:  256
nc_in:  128
nc_in:  128
nc_in:  96
nc_in:  96
[2022-11-17 17:14:19,366][torch_points3d.core.schedulers.bn_schedulers][INFO] - Setting batchnorm momentum at 0.02
task:  segmentation.multimodal
tested_model_name:  MVFusion_3D_M1
[2022-11-17 17:14:19,956][torch_points3d.trainer][WARNING] - The model will not be able to be used from pretrained weights without the corresponding dataset. Current properties are {'feature_dimension': 3, 'num_classes': 20}
[2022-11-17 17:14:19,956][torch_points3d.trainer][INFO] - MVFusionAPIModel(
  (backbone): MVFusionSparseConv3dUnet(
    (inner_modules): ModuleList(
      (0): Identity()
    )
    (down_modules): ModuleList(
      (0): MultimodalBlockDown(
        (block_1): Identity()
        (block_2): Identity()
        (image): MVFusionUnimodalBranch(
          drop_3d=None
          drop_mod=None
          keep_last_view=False
          checkpointing=c
          (transformerfusion): DVA_cls_5_fusion_7(
            (fusion): TransformerFusion(
              (input_layer): Linear(in_features=29, out_features=256, bias=True)
              (transformer_layers): ModuleList(
                (0): AttentionBlock(
                  (norm_1): LayerNorm((256,), eps=1e-05, elementwise_affine=True)
                  (norm_2): LayerNorm((256,), eps=1e-05, elementwise_affine=True)
                  (attn): MultiheadAttention(
                    (out_proj): NonDynamicallyQuantizableLinear(in_features=256, out_features=256, bias=True)
                  )
                  (linear): Sequential(
                    (0): Linear(in_features=256, out_features=512, bias=True)
                    (1): GELU(approximate=none)
                    (2): Dropout(p=0.2, inplace=False)
                    (3): Linear(in_features=512, out_features=256, bias=True)
                    (4): Dropout(p=0.2, inplace=False)
                  )
                )
                (1): AttentionBlock(
                  (norm_1): LayerNorm((256,), eps=1e-05, elementwise_affine=True)
                  (norm_2): LayerNorm((256,), eps=1e-05, elementwise_affine=True)
                  (attn): MultiheadAttention(
                    (out_proj): NonDynamicallyQuantizableLinear(in_features=256, out_features=256, bias=True)
                  )
                  (linear): Sequential(
                    (0): Linear(in_features=256, out_features=512, bias=True)
                    (1): GELU(approximate=none)
                    (2): Dropout(p=0.2, inplace=False)
                    (3): Linear(in_features=512, out_features=256, bias=True)
                    (4): Dropout(p=0.2, inplace=False)
                  )
                )
                (2): AttentionBlock(
                  (norm_1): LayerNorm((256,), eps=1e-05, elementwise_affine=True)
                  (norm_2): LayerNorm((256,), eps=1e-05, elementwise_affine=True)
                  (attn): MultiheadAttention(
                    (out_proj): NonDynamicallyQuantizableLinear(in_features=256, out_features=256, bias=True)
                  )
                  (linear): Sequential(
                    (0): Linear(in_features=256, out_features=512, bias=True)
                    (1): GELU(approximate=none)
                    (2): Dropout(p=0.2, inplace=False)
                    (3): Linear(in_features=512, out_features=256, bias=True)
                    (4): Dropout(p=0.2, inplace=False)
                  )
                )
                (3): AttentionBlock(
                  (norm_1): LayerNorm((256,), eps=1e-05, elementwise_affine=True)
                  (norm_2): LayerNorm((256,), eps=1e-05, elementwise_affine=True)
                  (attn): MultiheadAttention(
                    (out_proj): NonDynamicallyQuantizableLinear(in_features=256, out_features=256, bias=True)
                  )
                  (linear): Sequential(
                    (0): Linear(in_features=256, out_features=512, bias=True)
                    (1): GELU(approximate=none)
                    (2): Dropout(p=0.2, inplace=False)
                    (3): Linear(in_features=512, out_features=256, bias=True)
                    (4): Dropout(p=0.2, inplace=False)
                  )
                )
              )
            )
            (layer_norm): LayerNorm((256,), eps=1e-05, elementwise_affine=True)
          )
          (fusion): BimodalFusion(mode=concatenation)
        )
      )
      (1): MultimodalBlockDown(
        (block_1): ResNetDown(
          (conv_in): Seq(
            (0): Conv3d(in_channels=259, out_channels=128, kernel_size=3, stride=1, dilation=1)
            (1): BatchNorm(128, eps=1e-05, momentum=0.02, affine=True, track_running_stats=True)
            (2): ReLU(inplace=True)
          )
        )
        (block_2): Identity()
        (image): IdentityBranch()
      )
      (2): MultimodalBlockDown(
        (block_1): ResNetDown(
          (conv_in): Seq(
            (0): Conv3d(in_channels=128, out_channels=128, kernel_size=2, stride=2, dilation=1)
            (1): BatchNorm(128, eps=1e-05, momentum=0.02, affine=True, track_running_stats=True)
            (2): ReLU(inplace=True)
          )
          (blocks): Seq(
            (0): ResBlock(
              (block): Seq(
                (0): Conv3d(in_channels=128, out_channels=32, kernel_size=3, stride=1, dilation=1)
                (1): BatchNorm(32, eps=1e-05, momentum=0.02, affine=True, track_running_stats=True)
                (2): ReLU(inplace=True)
                (3): Conv3d(in_channels=32, out_channels=32, kernel_size=3, stride=1, dilation=1)
                (4): BatchNorm(32, eps=1e-05, momentum=0.02, affine=True, track_running_stats=True)
                (5): ReLU(inplace=True)
              )
              (downsample): Seq(
                (0): Conv3d(in_channels=128, out_channels=32, kernel_size=1, stride=1, dilation=1)
                (1): BatchNorm(32, eps=1e-05, momentum=0.02, affine=True, track_running_stats=True)
              )
            )
            (1): ResBlock(
              (block): Seq(
                (0): Conv3d(in_channels=32, out_channels=32, kernel_size=3, stride=1, dilation=1)
                (1): BatchNorm(32, eps=1e-05, momentum=0.02, affine=True, track_running_stats=True)
                (2): ReLU(inplace=True)
                (3): Conv3d(in_channels=32, out_channels=32, kernel_size=3, stride=1, dilation=1)
                (4): BatchNorm(32, eps=1e-05, momentum=0.02, affine=True, track_running_stats=True)
                (5): ReLU(inplace=True)
              )
            )
          )
        )
        (block_2): Identity()
        (image): IdentityBranch()
      )
      (3): MultimodalBlockDown(
        (block_1): ResNetDown(
          (conv_in): Seq(
            (0): Conv3d(in_channels=32, out_channels=32, kernel_size=2, stride=2, dilation=1)
            (1): BatchNorm(32, eps=1e-05, momentum=0.02, affine=True, track_running_stats=True)
            (2): ReLU(inplace=True)
          )
          (blocks): Seq(
            (0): ResBlock(
              (block): Seq(
                (0): Conv3d(in_channels=32, out_channels=64, kernel_size=3, stride=1, dilation=1)
                (1): BatchNorm(64, eps=1e-05, momentum=0.02, affine=True, track_running_stats=True)
                (2): ReLU(inplace=True)
                (3): Conv3d(in_channels=64, out_channels=64, kernel_size=3, stride=1, dilation=1)
                (4): BatchNorm(64, eps=1e-05, momentum=0.02, affine=True, track_running_stats=True)
                (5): ReLU(inplace=True)
              )
              (downsample): Seq(
                (0): Conv3d(in_channels=32, out_channels=64, kernel_size=1, stride=1, dilation=1)
                (1): BatchNorm(64, eps=1e-05, momentum=0.02, affine=True, track_running_stats=True)
              )
            )
            (1): ResBlock(
              (block): Seq(
                (0): Conv3d(in_channels=64, out_channels=64, kernel_size=3, stride=1, dilation=1)
                (1): BatchNorm(64, eps=1e-05, momentum=0.02, affine=True, track_running_stats=True)
                (2): ReLU(inplace=True)
                (3): Conv3d(in_channels=64, out_channels=64, kernel_size=3, stride=1, dilation=1)
                (4): BatchNorm(64, eps=1e-05, momentum=0.02, affine=True, track_running_stats=True)
                (5): ReLU(inplace=True)
              )
            )
            (2): ResBlock(
              (block): Seq(
                (0): Conv3d(in_channels=64, out_channels=64, kernel_size=3, stride=1, dilation=1)
                (1): BatchNorm(64, eps=1e-05, momentum=0.02, affine=True, track_running_stats=True)
                (2): ReLU(inplace=True)
                (3): Conv3d(in_channels=64, out_channels=64, kernel_size=3, stride=1, dilation=1)
                (4): BatchNorm(64, eps=1e-05, momentum=0.02, affine=True, track_running_stats=True)
                (5): ReLU(inplace=True)
              )
            )
          )
        )
        (block_2): Identity()
        (image): IdentityBranch()
      )
      (4): MultimodalBlockDown(
        (block_1): ResNetDown(
          (conv_in): Seq(
            (0): Conv3d(in_channels=64, out_channels=64, kernel_size=2, stride=2, dilation=1)
            (1): BatchNorm(64, eps=1e-05, momentum=0.02, affine=True, track_running_stats=True)
            (2): ReLU(inplace=True)
          )
          (blocks): Seq(
            (0): ResBlock(
              (block): Seq(
                (0): Conv3d(in_channels=64, out_channels=128, kernel_size=3, stride=1, dilation=1)
                (1): BatchNorm(128, eps=1e-05, momentum=0.02, affine=True, track_running_stats=True)
                (2): ReLU(inplace=True)
                (3): Conv3d(in_channels=128, out_channels=128, kernel_size=3, stride=1, dilation=1)
                (4): BatchNorm(128, eps=1e-05, momentum=0.02, affine=True, track_running_stats=True)
                (5): ReLU(inplace=True)
              )
              (downsample): Seq(
                (0): Conv3d(in_channels=64, out_channels=128, kernel_size=1, stride=1, dilation=1)
                (1): BatchNorm(128, eps=1e-05, momentum=0.02, affine=True, track_running_stats=True)
              )
            )
            (1): ResBlock(
              (block): Seq(
                (0): Conv3d(in_channels=128, out_channels=128, kernel_size=3, stride=1, dilation=1)
                (1): BatchNorm(128, eps=1e-05, momentum=0.02, affine=True, track_running_stats=True)
                (2): ReLU(inplace=True)
                (3): Conv3d(in_channels=128, out_channels=128, kernel_size=3, stride=1, dilation=1)
                (4): BatchNorm(128, eps=1e-05, momentum=0.02, affine=True, track_running_stats=True)
                (5): ReLU(inplace=True)
              )
            )
            (2): ResBlock(
              (block): Seq(
                (0): Conv3d(in_channels=128, out_channels=128, kernel_size=3, stride=1, dilation=1)
                (1): BatchNorm(128, eps=1e-05, momentum=0.02, affine=True, track_running_stats=True)
                (2): ReLU(inplace=True)
                (3): Conv3d(in_channels=128, out_channels=128, kernel_size=3, stride=1, dilation=1)
                (4): BatchNorm(128, eps=1e-05, momentum=0.02, affine=True, track_running_stats=True)
                (5): ReLU(inplace=True)
              )
            )
            (3): ResBlock(
              (block): Seq(
                (0): Conv3d(in_channels=128, out_channels=128, kernel_size=3, stride=1, dilation=1)
                (1): BatchNorm(128, eps=1e-05, momentum=0.02, affine=True, track_running_stats=True)
                (2): ReLU(inplace=True)
                (3): Conv3d(in_channels=128, out_channels=128, kernel_size=3, stride=1, dilation=1)
                (4): BatchNorm(128, eps=1e-05, momentum=0.02, affine=True, track_running_stats=True)
                (5): ReLU(inplace=True)
              )
            )
          )
        )
        (block_2): Identity()
        (image): IdentityBranch()
      )
      (5): MultimodalBlockDown(
        (block_1): ResNetDown(
          (conv_in): Seq(
            (0): Conv3d(in_channels=128, out_channels=128, kernel_size=2, stride=2, dilation=1)
            (1): BatchNorm(128, eps=1e-05, momentum=0.02, affine=True, track_running_stats=True)
            (2): ReLU(inplace=True)
          )
          (blocks): Seq(
            (0): ResBlock(
              (block): Seq(
                (0): Conv3d(in_channels=128, out_channels=256, kernel_size=3, stride=1, dilation=1)
                (1): BatchNorm(256, eps=1e-05, momentum=0.02, affine=True, track_running_stats=True)
                (2): ReLU(inplace=True)
                (3): Conv3d(in_channels=256, out_channels=256, kernel_size=3, stride=1, dilation=1)
                (4): BatchNorm(256, eps=1e-05, momentum=0.02, affine=True, track_running_stats=True)
                (5): ReLU(inplace=True)
              )
              (downsample): Seq(
                (0): Conv3d(in_channels=128, out_channels=256, kernel_size=1, stride=1, dilation=1)
                (1): BatchNorm(256, eps=1e-05, momentum=0.02, affine=True, track_running_stats=True)
              )
            )
            (1): ResBlock(
              (block): Seq(
                (0): Conv3d(in_channels=256, out_channels=256, kernel_size=3, stride=1, dilation=1)
                (1): BatchNorm(256, eps=1e-05, momentum=0.02, affine=True, track_running_stats=True)
                (2): ReLU(inplace=True)
                (3): Conv3d(in_channels=256, out_channels=256, kernel_size=3, stride=1, dilation=1)
                (4): BatchNorm(256, eps=1e-05, momentum=0.02, affine=True, track_running_stats=True)
                (5): ReLU(inplace=True)
              )
            )
            (2): ResBlock(
              (block): Seq(
                (0): Conv3d(in_channels=256, out_channels=256, kernel_size=3, stride=1, dilation=1)
                (1): BatchNorm(256, eps=1e-05, momentum=0.02, affine=True, track_running_stats=True)
                (2): ReLU(inplace=True)
                (3): Conv3d(in_channels=256, out_channels=256, kernel_size=3, stride=1, dilation=1)
                (4): BatchNorm(256, eps=1e-05, momentum=0.02, affine=True, track_running_stats=True)
                (5): ReLU(inplace=True)
              )
            )
            (3): ResBlock(
              (block): Seq(
                (0): Conv3d(in_channels=256, out_channels=256, kernel_size=3, stride=1, dilation=1)
                (1): BatchNorm(256, eps=1e-05, momentum=0.02, affine=True, track_running_stats=True)
                (2): ReLU(inplace=True)
                (3): Conv3d(in_channels=256, out_channels=256, kernel_size=3, stride=1, dilation=1)
                (4): BatchNorm(256, eps=1e-05, momentum=0.02, affine=True, track_running_stats=True)
                (5): ReLU(inplace=True)
              )
            )
            (4): ResBlock(
              (block): Seq(
                (0): Conv3d(in_channels=256, out_channels=256, kernel_size=3, stride=1, dilation=1)
                (1): BatchNorm(256, eps=1e-05, momentum=0.02, affine=True, track_running_stats=True)
                (2): ReLU(inplace=True)
                (3): Conv3d(in_channels=256, out_channels=256, kernel_size=3, stride=1, dilation=1)
                (4): BatchNorm(256, eps=1e-05, momentum=0.02, affine=True, track_running_stats=True)
                (5): ReLU(inplace=True)
              )
            )
            (5): ResBlock(
              (block): Seq(
                (0): Conv3d(in_channels=256, out_channels=256, kernel_size=3, stride=1, dilation=1)
                (1): BatchNorm(256, eps=1e-05, momentum=0.02, affine=True, track_running_stats=True)
                (2): ReLU(inplace=True)
                (3): Conv3d(in_channels=256, out_channels=256, kernel_size=3, stride=1, dilation=1)
                (4): BatchNorm(256, eps=1e-05, momentum=0.02, affine=True, track_running_stats=True)
                (5): ReLU(inplace=True)
              )
            )
          )
        )
        (block_2): Identity()
        (image): IdentityBranch()
      )
    )
    (up_modules): ModuleList(
      (0): ResNetUp(
        (conv_in): Seq(
          (0): Conv3d(in_channels=256, out_channels=256, kernel_size=2, stride=2, dilation=1)
          (1): BatchNorm(256, eps=1e-05, momentum=0.02, affine=True, track_running_stats=True)
          (2): ReLU(inplace=True)
        )
        (blocks): Seq(
          (0): ResBlock(
            (block): Seq(
              (0): Conv3d(in_channels=384, out_channels=128, kernel_size=3, stride=1, dilation=1)
              (1): BatchNorm(128, eps=1e-05, momentum=0.02, affine=True, track_running_stats=True)
              (2): ReLU(inplace=True)
              (3): Conv3d(in_channels=128, out_channels=128, kernel_size=3, stride=1, dilation=1)
              (4): BatchNorm(128, eps=1e-05, momentum=0.02, affine=True, track_running_stats=True)
              (5): ReLU(inplace=True)
            )
            (downsample): Seq(
              (0): Conv3d(in_channels=384, out_channels=128, kernel_size=1, stride=1, dilation=1)
              (1): BatchNorm(128, eps=1e-05, momentum=0.02, affine=True, track_running_stats=True)
            )
          )
        )
      )
      (1): ResNetUp(
        (conv_in): Seq(
          (0): Conv3d(in_channels=128, out_channels=128, kernel_size=2, stride=2, dilation=1)
          (1): BatchNorm(128, eps=1e-05, momentum=0.02, affine=True, track_running_stats=True)
          (2): ReLU(inplace=True)
        )
        (blocks): Seq(
          (0): ResBlock(
            (block): Seq(
              (0): Conv3d(in_channels=192, out_channels=128, kernel_size=3, stride=1, dilation=1)
              (1): BatchNorm(128, eps=1e-05, momentum=0.02, affine=True, track_running_stats=True)
              (2): ReLU(inplace=True)
              (3): Conv3d(in_channels=128, out_channels=128, kernel_size=3, stride=1, dilation=1)
              (4): BatchNorm(128, eps=1e-05, momentum=0.02, affine=True, track_running_stats=True)
              (5): ReLU(inplace=True)
            )
            (downsample): Seq(
              (0): Conv3d(in_channels=192, out_channels=128, kernel_size=1, stride=1, dilation=1)
              (1): BatchNorm(128, eps=1e-05, momentum=0.02, affine=True, track_running_stats=True)
            )
          )
        )
      )
      (2): ResNetUp(
        (conv_in): Seq(
          (0): Conv3d(in_channels=128, out_channels=128, kernel_size=2, stride=2, dilation=1)
          (1): BatchNorm(128, eps=1e-05, momentum=0.02, affine=True, track_running_stats=True)
          (2): ReLU(inplace=True)
        )
        (blocks): Seq(
          (0): ResBlock(
            (block): Seq(
              (0): Conv3d(in_channels=160, out_channels=96, kernel_size=3, stride=1, dilation=1)
              (1): BatchNorm(96, eps=1e-05, momentum=0.02, affine=True, track_running_stats=True)
              (2): ReLU(inplace=True)
              (3): Conv3d(in_channels=96, out_channels=96, kernel_size=3, stride=1, dilation=1)
              (4): BatchNorm(96, eps=1e-05, momentum=0.02, affine=True, track_running_stats=True)
              (5): ReLU(inplace=True)
            )
            (downsample): Seq(
              (0): Conv3d(in_channels=160, out_channels=96, kernel_size=1, stride=1, dilation=1)
              (1): BatchNorm(96, eps=1e-05, momentum=0.02, affine=True, track_running_stats=True)
            )
          )
        )
      )
      (3): ResNetUp(
        (conv_in): Seq(
          (0): Conv3d(in_channels=96, out_channels=96, kernel_size=2, stride=2, dilation=1)
          (1): BatchNorm(96, eps=1e-05, momentum=0.02, affine=True, track_running_stats=True)
          (2): ReLU(inplace=True)
        )
        (blocks): Seq(
          (0): ResBlock(
            (block): Seq(
              (0): Conv3d(in_channels=224, out_channels=96, kernel_size=3, stride=1, dilation=1)
              (1): BatchNorm(96, eps=1e-05, momentum=0.02, affine=True, track_running_stats=True)
              (2): ReLU(inplace=True)
              (3): Conv3d(in_channels=96, out_channels=96, kernel_size=3, stride=1, dilation=1)
              (4): BatchNorm(96, eps=1e-05, momentum=0.02, affine=True, track_running_stats=True)
              (5): ReLU(inplace=True)
            )
            (downsample): Seq(
              (0): Conv3d(in_channels=224, out_channels=96, kernel_size=1, stride=1, dilation=1)
              (1): BatchNorm(96, eps=1e-05, momentum=0.02, affine=True, track_running_stats=True)
            )
          )
        )
      )
      (4): ResNetUp(
        (conv_in): Seq(
          (0): Conv3d(in_channels=96, out_channels=96, kernel_size=3, stride=1, dilation=1)
          (1): BatchNorm(96, eps=1e-05, momentum=0.02, affine=True, track_running_stats=True)
          (2): ReLU(inplace=True)
        )
        (blocks): Seq(
          (0): ResBlock(
            (block): Seq(
              (0): Conv3d(in_channels=96, out_channels=96, kernel_size=3, stride=1, dilation=1)
              (1): BatchNorm(96, eps=1e-05, momentum=0.02, affine=True, track_running_stats=True)
              (2): ReLU(inplace=True)
              (3): Conv3d(in_channels=96, out_channels=96, kernel_size=3, stride=1, dilation=1)
              (4): BatchNorm(96, eps=1e-05, momentum=0.02, affine=True, track_running_stats=True)
              (5): ReLU(inplace=True)
            )
          )
        )
      )
    )
  )
  (head): Sequential(
    (0): Linear(in_features=96, out_features=20, bias=True)
  )
)
[2022-11-17 17:14:19,960][torch_points3d.utils.colors][INFO] - [0;32mOptimizer: SGD (
Parameter Group 0
    dampening: 0.1
    foreach: None
    initial_lr: 0.1
    lr: 0.1
    maximize: False
    momentum: 0.9
    nesterov: False
    weight_decay: 0.0001
)[0m
[2022-11-17 17:14:19,960][torch_points3d.utils.colors][INFO] - [0;32mLearning Rate Scheduler: ExponentialLR({'gamma': 0.97725}, update_scheduler_on=on_epoch)[0m
[2022-11-17 17:14:19,960][torch_points3d.utils.colors][INFO] - [0;32mBatchNorm Scheduler: BNMomentumScheduler(base_momentum: 0.02, update_scheduler_on=on_epoch)[0m
[2022-11-17 17:14:19,960][torch_points3d.utils.colors][INFO] - [0;32mAccumulated gradients: None[0m
[2022-11-17 17:14:19,961][torch_points3d.trainer][INFO] - Model size = 33933844
[2022-11-17 17:14:19,962][torch_points3d.trainer][INFO] - Dataset: ScannetDatasetMM 
[0;95mtrain_pre_batch_collate_transform [0m= None
[0;95mval_pre_batch_collate_transform [0m= None
[0;95mtest_pre_batch_collate_transform [0m= None
[0;95mpre_transform [0m= Compose([
    SaveOriginalPosId,
    PCAComputePointwise(num_neighbors=50, r=None, use_full_pos=False, use_cuda=False, use_faiss=False, ncells=None, nprobes=10, chunk_size=1000000),
    EigenFeatures(norm=True, linearity=True, planarity=True, scattering=True, temperature=None),
    RemoveAttributes(attr_names=['eigenvalues', 'eigenvectors'], strict=False),
])
[0;95mtest_transform [0m= Compose([
    GridSampling3D(grid_size=0.03, quantize_coords=True, mode=last),
    XYZFeature(axis=['x', 'y', 'z']),
    AddFeatsByKeys(pos_x=True, pos_y=True, pos_z=True, rgb=False, linearity=False, norm=False, planarity=False, scattering=False),
])
[0;95mtrain_transform [0m= Compose([
    ElasticDistortion(apply_distorsion=True, granularity=[0.2, 0.8], magnitude=[0.4, 1.6]),
    Random3AxisRotation(apply_rotation=True, rot_x=8, rot_y=8, rot_z=180),
    Random symmetry of axes: x=True, y=True, z=False,
    RandomScaleAnisotropic([0.9, 1.1]),
    GridSampling3D(grid_size=0.03, quantize_coords=True, mode=last),
    XYZFeature(axis=['x', 'y', 'z']),
    AddFeatsByKeys(pos_x=True, pos_y=True, pos_z=True, rgb=False, linearity=False, norm=False, planarity=False, scattering=False),
])
[0;95mval_transform [0m= Compose([
    GridSampling3D(grid_size=0.03, quantize_coords=True, mode=last),
    XYZFeature(axis=['x', 'y', 'z']),
    AddFeatsByKeys(pos_x=True, pos_y=True, pos_z=True, rgb=False, linearity=False, norm=False, planarity=False, scattering=False),
])
[0;95minference_transform [0m= Compose([
    SaveOriginalPosId,
    PCAComputePointwise(num_neighbors=50, r=None, use_full_pos=False, use_cuda=False, use_faiss=False, ncells=None, nprobes=10, chunk_size=1000000),
    EigenFeatures(norm=True, linearity=True, planarity=True, scattering=True, temperature=None),
    RemoveAttributes(attr_names=['eigenvalues', 'eigenvectors'], strict=False),
    GridSampling3D(grid_size=0.03, quantize_coords=True, mode=last),
    XYZFeature(axis=['x', 'y', 'z']),
    AddFeatsByKeys(pos_x=True, pos_y=True, pos_z=True, rgb=False, linearity=False, norm=False, planarity=False, scattering=False),
])
[0;95mpre_transform_image [0m= ComposeMultiModal([
    NonStaticMask(ref_size=(320, 240), proj_upscale=1, n_sample=5),
    MapImages(key=mapping_index, verbose=False, cylinder=False, ref_size=[320, 240], proj_upscale=1, method=SplattingVisibility, use_cuda=False, kwargs={'voxel': 0.03, 'r_max': 8, 'r_min': 0.05, 'exact': True, 'camera': 'scannet'}),
    NeighborhoodBasedMappingFeatures(k_list=[50], voxel=0.01, compute_density=True, compute_occlusion=True, use_faiss=False, use_cuda=False, ncells=None, nprobes=10, verbose=True),
])
[0;95mtest_transform_image [0m= ComposeMultiModal([
    SelectMappingFromPointId(key=mapping_index),
    ToImageData(),
    PickImagesFromMemoryCredit(credit=7680000, use_coverage=True, k_coverage=2),
])
[0;95mtrain_transform_image [0m= ComposeMultiModal([
    SelectMappingFromPointId(key=mapping_index),
    ToImageData(),
    PickImagesFromMemoryCredit(credit=7680000, use_coverage=True, k_coverage=2),
    JitterMappingFeatures(sigma=0.02, clip=0.03),
])
[0;95mval_transform_image [0m= ComposeMultiModal([
    SelectMappingFromPointId(key=mapping_index),
    ToImageData(),
    PickImagesFromMemoryCredit(credit=7680000, use_coverage=True, k_coverage=2),
])
[0;95minference_transform_image [0m= ComposeMultiModal([
    NonStaticMask(ref_size=(320, 240), proj_upscale=1, n_sample=5),
    MapImages(key=mapping_index, verbose=False, cylinder=False, ref_size=[320, 240], proj_upscale=1, method=SplattingVisibility, use_cuda=False, kwargs={'voxel': 0.03, 'r_max': 8, 'r_min': 0.05, 'exact': True, 'camera': 'scannet'}),
    NeighborhoodBasedMappingFeatures(k_list=[50], voxel=0.01, compute_density=True, compute_occlusion=True, use_faiss=False, use_cuda=False, ncells=None, nprobes=10, verbose=True),
    SelectMappingFromPointId(key=mapping_index),
    ToImageData(),
    PickImagesFromMemoryCredit(credit=7680000, use_coverage=True, k_coverage=2),
])
Size of [0;95mtrain_dataset [0m= 3
Size of [0;95mtest_dataset [0m= 0
Size of [0;95mval_dataset [0m= 3
[0;95mBatch size =[0m 2
[2022-11-17 17:14:27,143][torch_points3d.datasets.base_dataset][INFO] - Available stage selection datasets: [0;95m ['val'] [0m
[2022-11-17 17:14:27,144][torch_points3d.datasets.base_dataset][INFO] - The models will be selected using the metrics on following dataset: [0;95m val [0m
[2022-11-17 17:14:29,388][torch_points3d.trainer][INFO] - EPOCH 1 / 2
  0%|          | 0/2 [00:00<?, ?it/s]MMBatch:  MMBatch(
    data = Batch(batch=[135477], coords=[135477, 3], grid_size=[2], id_scan=[2], mapping_index=[135477], mvfusion_input=[107876, 9, 10], origin_id=[135477], pos=[135477, 3], ptr=[3], x=[135477, 3], y=[135477])
    image = ImageBatch(num_settings=1, num_views=199, num_points=135477, device=cpu)
)
  0%|          | 0/2 [00:27<?, ?it/s, [0;92mdata_loading=25.47, iteration=1.912, train_acc=2.861, train_loss_cross_entropy=3.124, train_loss_seg=3.124, train_macc=3.550, train_miou=0.810[0m)] 50%|#####     | 1/2 [00:27<00:27, 27.38s/it, [0;92mdata_loading=25.47, iteration=1.912, train_acc=2.861, train_loss_cross_entropy=3.124, train_loss_seg=3.124, train_macc=3.550, train_miou=0.810[0m)]MMBatch:  MMBatch(
    data = Batch(batch=[61562], coords=[61562, 3], grid_size=[1], id_scan=[1], mapping_index=[61562], mvfusion_input=[48717, 9, 10], origin_id=[61562], pos=[61562, 3], ptr=[2], x=[61562, 3], y=[61562])
    image = ImageBatch(num_settings=1, num_views=100, num_points=61562, device=cpu)
)
 50%|#####     | 1/2 [00:27<00:27, 27.38s/it, [0;92mdata_loading=0.000, iteration=0.604, train_acc=2.861, train_loss_cross_entropy=3.124, train_loss_seg=3.124, train_macc=3.550, train_miou=0.810[0m)]100%|##########| 2/2 [00:27<00:00, 11.63s/it, [0;92mdata_loading=0.000, iteration=0.604, train_acc=2.861, train_loss_cross_entropy=3.124, train_loss_seg=3.124, train_macc=3.550, train_miou=0.810[0m)]100%|##########| 2/2 [00:27<00:00, 14.00s/it, [0;92mdata_loading=0.000, iteration=0.604, train_acc=2.861, train_loss_cross_entropy=3.124, train_loss_seg=3.124, train_macc=3.550, train_miou=0.810[0m)][2022-11-17 17:14:58,557][torch_points3d.trainer][INFO] - Learning rate = 0.097725
[2022-11-17 17:14:58,558][torch_points3d.metrics.base_tracker][INFO] - ==================================================
[2022-11-17 17:14:58,558][torch_points3d.metrics.base_tracker][INFO] -     train_loss_seg = 3.1241509914398193
[2022-11-17 17:14:58,559][torch_points3d.metrics.base_tracker][INFO] -     train_loss_cross_entropy = 3.1241509914398193
[2022-11-17 17:14:58,559][torch_points3d.metrics.base_tracker][INFO] -     train_acc = 2.861275020247599
[2022-11-17 17:14:58,559][torch_points3d.metrics.base_tracker][INFO] -     train_macc = 3.5503054458006917
[2022-11-17 17:14:58,559][torch_points3d.metrics.base_tracker][INFO] -     train_miou = 0.8107888825028501
[2022-11-17 17:14:58,559][torch_points3d.metrics.base_tracker][INFO] -     train_miou_per_class = {0: '0.08', 1: '2.81', 2: '0.72', 3: '0.04', 4: '0.26', 5: '0.77', 6: '1.33', 7: '1.71', 8: '1.15', 9: '0.00', 10: '0.00', 11: '0.54', 12: '0.05', 13: '5.14', 14: '0.76', 15: '0.00', 16: '0.17', 17: '0.28', 18: '0.00', 19: '0.40'}
[2022-11-17 17:14:58,559][torch_points3d.metrics.base_tracker][INFO] - ==================================================

  0%|          | 0/2 [00:00<?, ?it/s]  0%|          | 0/2 [00:33<?, ?it/s, [0;93mval_acc=46.76, val_loss_cross_entropy=2.212, val_loss_seg=2.212, val_macc=15.55, val_miou=6.991[0m)] 50%|#####     | 1/2 [00:33<00:33, 33.25s/it, [0;93mval_acc=46.76, val_loss_cross_entropy=2.212, val_loss_seg=2.212, val_macc=15.55, val_miou=6.991[0m)] 50%|#####     | 1/2 [00:33<00:33, 33.25s/it, [0;93mval_acc=50.15, val_loss_cross_entropy=1.977, val_loss_seg=1.977, val_macc=15.27, val_miou=7.507[0m)]100%|##########| 2/2 [00:33<00:00, 14.06s/it, [0;93mval_acc=50.15, val_loss_cross_entropy=1.977, val_loss_seg=1.977, val_macc=15.27, val_miou=7.507[0m)]100%|##########| 2/2 [00:33<00:00, 16.94s/it, [0;93mval_acc=50.15, val_loss_cross_entropy=1.977, val_loss_seg=1.977, val_macc=15.27, val_miou=7.507[0m)][2022-11-17 17:15:33,600][torch_points3d.metrics.base_tracker][INFO] - ==================================================
[2022-11-17 17:15:33,601][torch_points3d.metrics.base_tracker][INFO] -     val_loss_seg = 1.9770684242248535
[2022-11-17 17:15:33,601][torch_points3d.metrics.base_tracker][INFO] -     val_loss_cross_entropy = 1.9770684242248535
[2022-11-17 17:15:33,601][torch_points3d.metrics.base_tracker][INFO] -     val_acc = 50.15097153167106
[2022-11-17 17:15:33,601][torch_points3d.metrics.base_tracker][INFO] -     val_macc = 15.270347725763326
[2022-11-17 17:15:33,601][torch_points3d.metrics.base_tracker][INFO] -     val_miou = 7.507139352893722
[2022-11-17 17:15:33,602][torch_points3d.metrics.base_tracker][INFO] -     val_miou_per_class = {0: '38.94', 1: '51.14', 2: '0.00', 3: '0.00', 4: '0.00', 5: '0.00', 6: '0.00', 7: '0.00', 8: '0.00', 9: '0.00', 10: '0.00', 11: '0.00', 12: '0.00', 13: '0.00', 14: '0.00', 15: '0.00', 16: '0.00', 17: '0.00', 18: '0.00', 19: '0.00'}
[2022-11-17 17:15:33,602][torch_points3d.metrics.base_tracker][INFO] - ==================================================

